{"/Users/alex/Projects/Personal/web3/adelante/tests/test-app/components/addBalance.tsx": {"path":"/Users/alex/Projects/Personal/web3/adelante/tests/test-app/components/addBalance.tsx","statementMap":{"0":{"start":{"line":12,"column":37},"end":{"line":12,"column":42}},"1":{"start":{"line":15,"column":26},"end":{"line":19,"column":3}},"2":{"start":{"line":16,"column":17},"end":{"line":16,"column":35}},"3":{"start":{"line":17,"column":20},"end":{"line":17,"column":96}},"4":{"start":{"line":18,"column":4},"end":{"line":18,"column":51}},"5":{"start":{"line":21,"column":2},"end":{"line":30,"column":3}}},"fnMap":{"0":{"name":"AddBalance","decl":{"start":{"line":11,"column":24},"end":{"line":11,"column":34}},"loc":{"start":{"line":11,"column":50},"end":{"line":31,"column":1}},"line":11},"1":{"name":"(anonymous_1)","decl":{"start":{"line":15,"column":26},"end":{"line":15,"column":27}},"loc":{"start":{"line":15,"column":48},"end":{"line":19,"column":3}},"line":15}},"branchMap":{"0":{"loc":{"start":{"line":17,"column":20},"end":{"line":17,"column":96}},"type":"cond-expr","locations":[{"start":{"line":17,"column":51},"end":{"line":17,"column":59}},{"start":{"line":17,"column":62},"end":{"line":17,"column":96}}],"line":17}},"s":{"0":1,"1":1,"2":0,"3":0,"4":0,"5":1},"f":{"0":1,"1":0},"b":{"0":[0,0]},"_coverageSchema":"1a1c01bbd47fc00a2c39e90264f33305004495a9","hash":"a6e4d32e4af0f3b73a5fef16e0446557db2c8e7d"}
,"/Users/alex/Projects/Personal/web3/adelante/tests/test-app/components/getBalance.tsx": {"path":"/Users/alex/Projects/Personal/web3/adelante/tests/test-app/components/getBalance.tsx","statementMap":{"0":{"start":{"line":12,"column":37},"end":{"line":12,"column":42}},"1":{"start":{"line":15,"column":26},"end":{"line":19,"column":3}},"2":{"start":{"line":16,"column":17},"end":{"line":16,"column":35}},"3":{"start":{"line":17,"column":20},"end":{"line":17,"column":96}},"4":{"start":{"line":18,"column":4},"end":{"line":18,"column":51}},"5":{"start":{"line":21,"column":2},"end":{"line":30,"column":3}}},"fnMap":{"0":{"name":"GetBalance","decl":{"start":{"line":11,"column":24},"end":{"line":11,"column":34}},"loc":{"start":{"line":11,"column":50},"end":{"line":31,"column":1}},"line":11},"1":{"name":"(anonymous_1)","decl":{"start":{"line":15,"column":26},"end":{"line":15,"column":27}},"loc":{"start":{"line":15,"column":48},"end":{"line":19,"column":3}},"line":15}},"branchMap":{"0":{"loc":{"start":{"line":17,"column":20},"end":{"line":17,"column":96}},"type":"cond-expr","locations":[{"start":{"line":17,"column":51},"end":{"line":17,"column":59}},{"start":{"line":17,"column":62},"end":{"line":17,"column":96}}],"line":17}},"s":{"0":1,"1":1,"2":0,"3":0,"4":0,"5":1},"f":{"0":1,"1":0},"b":{"0":[0,0]},"_coverageSchema":"1a1c01bbd47fc00a2c39e90264f33305004495a9","hash":"977fc8be3451597d2fb7e162b371178865ff1f4b"}
,"/Users/alex/Projects/Personal/web3/adelante/tests/test-app/components/getNumber.tsx": {"path":"/Users/alex/Projects/Personal/web3/adelante/tests/test-app/components/getNumber.tsx","statementMap":{"0":{"start":{"line":12,"column":37},"end":{"line":12,"column":42}},"1":{"start":{"line":15,"column":26},"end":{"line":19,"column":3}},"2":{"start":{"line":16,"column":17},"end":{"line":16,"column":34}},"3":{"start":{"line":17,"column":20},"end":{"line":17,"column":95}},"4":{"start":{"line":18,"column":4},"end":{"line":18,"column":50}},"5":{"start":{"line":21,"column":2},"end":{"line":30,"column":3}}},"fnMap":{"0":{"name":"GetNumber","decl":{"start":{"line":11,"column":24},"end":{"line":11,"column":33}},"loc":{"start":{"line":11,"column":49},"end":{"line":31,"column":1}},"line":11},"1":{"name":"(anonymous_1)","decl":{"start":{"line":15,"column":26},"end":{"line":15,"column":27}},"loc":{"start":{"line":15,"column":48},"end":{"line":19,"column":3}},"line":15}},"branchMap":{"0":{"loc":{"start":{"line":17,"column":20},"end":{"line":17,"column":95}},"type":"cond-expr","locations":[{"start":{"line":17,"column":50},"end":{"line":17,"column":58}},{"start":{"line":17,"column":61},"end":{"line":17,"column":95}}],"line":17}},"s":{"0":1,"1":1,"2":0,"3":0,"4":0,"5":1},"f":{"0":1,"1":0},"b":{"0":[0,0]},"_coverageSchema":"1a1c01bbd47fc00a2c39e90264f33305004495a9","hash":"2e65fedf2804bc0d17977bc43780b51c1ad9843a"}
,"/Users/alex/Projects/Personal/web3/adelante/tests/test-app/components/hello.tsx": {"path":"/Users/alex/Projects/Personal/web3/adelante/tests/test-app/components/hello.tsx","statementMap":{"0":{"start":{"line":12,"column":37},"end":{"line":12,"column":42}},"1":{"start":{"line":15,"column":26},"end":{"line":19,"column":3}},"2":{"start":{"line":16,"column":17},"end":{"line":16,"column":30}},"3":{"start":{"line":17,"column":20},"end":{"line":17,"column":91}},"4":{"start":{"line":18,"column":4},"end":{"line":18,"column":46}},"5":{"start":{"line":21,"column":2},"end":{"line":30,"column":3}}},"fnMap":{"0":{"name":"Hello","decl":{"start":{"line":11,"column":24},"end":{"line":11,"column":29}},"loc":{"start":{"line":11,"column":45},"end":{"line":31,"column":1}},"line":11},"1":{"name":"(anonymous_1)","decl":{"start":{"line":15,"column":26},"end":{"line":15,"column":27}},"loc":{"start":{"line":15,"column":48},"end":{"line":19,"column":3}},"line":15}},"branchMap":{"0":{"loc":{"start":{"line":17,"column":20},"end":{"line":17,"column":91}},"type":"cond-expr","locations":[{"start":{"line":17,"column":46},"end":{"line":17,"column":54}},{"start":{"line":17,"column":57},"end":{"line":17,"column":91}}],"line":17}},"s":{"0":1,"1":1,"2":0,"3":0,"4":0,"5":1},"f":{"0":1,"1":0},"b":{"0":[0,0]},"_coverageSchema":"1a1c01bbd47fc00a2c39e90264f33305004495a9","hash":"7d8b32bd72cce747459286e2b6f8ee344f70730d"}
,"/Users/alex/Projects/Personal/web3/adelante/tests/test-app/components/returnSum.tsx": {"path":"/Users/alex/Projects/Personal/web3/adelante/tests/test-app/components/returnSum.tsx","statementMap":{"0":{"start":{"line":16,"column":37},"end":{"line":16,"column":42}},"1":{"start":{"line":17,"column":28},"end":{"line":17,"column":47}},"2":{"start":{"line":19,"column":28},"end":{"line":28,"column":3}},"3":{"start":{"line":20,"column":28},"end":{"line":20,"column":40}},"4":{"start":{"line":21,"column":4},"end":{"line":26,"column":6}},"5":{"start":{"line":22,"column":6},"end":{"line":25,"column":7}},"6":{"start":{"line":31,"column":26},"end":{"line":35,"column":3}},"7":{"start":{"line":32,"column":17},"end":{"line":32,"column":54}},"8":{"start":{"line":33,"column":20},"end":{"line":33,"column":95}},"9":{"start":{"line":34,"column":4},"end":{"line":34,"column":50}},"10":{"start":{"line":37,"column":2},"end":{"line":54,"column":3}}},"fnMap":{"0":{"name":"ReturnSum","decl":{"start":{"line":15,"column":24},"end":{"line":15,"column":33}},"loc":{"start":{"line":15,"column":49},"end":{"line":55,"column":1}},"line":15},"1":{"name":"(anonymous_1)","decl":{"start":{"line":19,"column":28},"end":{"line":19,"column":29}},"loc":{"start":{"line":19,"column":76},"end":{"line":28,"column":3}},"line":19},"2":{"name":"(anonymous_2)","decl":{"start":{"line":21,"column":13},"end":{"line":21,"column":14}},"loc":{"start":{"line":21,"column":28},"end":{"line":26,"column":5}},"line":21},"3":{"name":"(anonymous_3)","decl":{"start":{"line":31,"column":26},"end":{"line":31,"column":27}},"loc":{"start":{"line":31,"column":48},"end":{"line":35,"column":3}},"line":31}},"branchMap":{"0":{"loc":{"start":{"line":33,"column":20},"end":{"line":33,"column":95}},"type":"cond-expr","locations":[{"start":{"line":33,"column":50},"end":{"line":33,"column":58}},{"start":{"line":33,"column":61},"end":{"line":33,"column":95}}],"line":33}},"s":{"0":1,"1":1,"2":1,"3":0,"4":0,"5":0,"6":1,"7":0,"8":0,"9":0,"10":1},"f":{"0":1,"1":0,"2":0,"3":0},"b":{"0":[0,0]},"_coverageSchema":"1a1c01bbd47fc00a2c39e90264f33305004495a9","hash":"0d0eeeb6c9310ff9457cd365a7ecad6416759b1e"}
,"/Users/alex/Projects/Personal/web3/adelante/tests/test-app/components/storeNumber.tsx": {"path":"/Users/alex/Projects/Personal/web3/adelante/tests/test-app/components/storeNumber.tsx","statementMap":{"0":{"start":{"line":16,"column":37},"end":{"line":16,"column":42}},"1":{"start":{"line":17,"column":28},"end":{"line":17,"column":47}},"2":{"start":{"line":19,"column":28},"end":{"line":28,"column":3}},"3":{"start":{"line":20,"column":28},"end":{"line":20,"column":40}},"4":{"start":{"line":21,"column":4},"end":{"line":26,"column":6}},"5":{"start":{"line":22,"column":6},"end":{"line":25,"column":7}},"6":{"start":{"line":31,"column":26},"end":{"line":35,"column":3}},"7":{"start":{"line":32,"column":17},"end":{"line":32,"column":50}},"8":{"start":{"line":33,"column":20},"end":{"line":33,"column":97}},"9":{"start":{"line":34,"column":4},"end":{"line":34,"column":52}},"10":{"start":{"line":37,"column":2},"end":{"line":52,"column":3}}},"fnMap":{"0":{"name":"StoreNumber","decl":{"start":{"line":15,"column":24},"end":{"line":15,"column":35}},"loc":{"start":{"line":15,"column":51},"end":{"line":53,"column":1}},"line":15},"1":{"name":"(anonymous_1)","decl":{"start":{"line":19,"column":28},"end":{"line":19,"column":29}},"loc":{"start":{"line":19,"column":76},"end":{"line":28,"column":3}},"line":19},"2":{"name":"(anonymous_2)","decl":{"start":{"line":21,"column":13},"end":{"line":21,"column":14}},"loc":{"start":{"line":21,"column":28},"end":{"line":26,"column":5}},"line":21},"3":{"name":"(anonymous_3)","decl":{"start":{"line":31,"column":26},"end":{"line":31,"column":27}},"loc":{"start":{"line":31,"column":48},"end":{"line":35,"column":3}},"line":31}},"branchMap":{"0":{"loc":{"start":{"line":33,"column":20},"end":{"line":33,"column":97}},"type":"cond-expr","locations":[{"start":{"line":33,"column":52},"end":{"line":33,"column":60}},{"start":{"line":33,"column":63},"end":{"line":33,"column":97}}],"line":33}},"s":{"0":1,"1":1,"2":1,"3":0,"4":0,"5":0,"6":1,"7":0,"8":0,"9":0,"10":1},"f":{"0":1,"1":0,"2":0,"3":0},"b":{"0":[0,0]},"_coverageSchema":"1a1c01bbd47fc00a2c39e90264f33305004495a9","hash":"4458a90afad69c6747be4c44688ed9ecbc10d04c"}
,"/Users/alex/Projects/Personal/web3/adelante/tests/test-app/components/withdrawBalance.tsx": {"path":"/Users/alex/Projects/Personal/web3/adelante/tests/test-app/components/withdrawBalance.tsx","statementMap":{"0":{"start":{"line":16,"column":37},"end":{"line":16,"column":42}},"1":{"start":{"line":17,"column":28},"end":{"line":17,"column":47}},"2":{"start":{"line":19,"column":28},"end":{"line":28,"column":3}},"3":{"start":{"line":20,"column":28},"end":{"line":20,"column":40}},"4":{"start":{"line":21,"column":4},"end":{"line":26,"column":6}},"5":{"start":{"line":22,"column":6},"end":{"line":25,"column":7}},"6":{"start":{"line":31,"column":26},"end":{"line":35,"column":3}},"7":{"start":{"line":32,"column":17},"end":{"line":32,"column":53}},"8":{"start":{"line":33,"column":20},"end":{"line":33,"column":101}},"9":{"start":{"line":34,"column":4},"end":{"line":34,"column":56}},"10":{"start":{"line":37,"column":2},"end":{"line":52,"column":3}}},"fnMap":{"0":{"name":"WithdrawBalance","decl":{"start":{"line":15,"column":24},"end":{"line":15,"column":39}},"loc":{"start":{"line":15,"column":55},"end":{"line":53,"column":1}},"line":15},"1":{"name":"(anonymous_1)","decl":{"start":{"line":19,"column":28},"end":{"line":19,"column":29}},"loc":{"start":{"line":19,"column":76},"end":{"line":28,"column":3}},"line":19},"2":{"name":"(anonymous_2)","decl":{"start":{"line":21,"column":13},"end":{"line":21,"column":14}},"loc":{"start":{"line":21,"column":28},"end":{"line":26,"column":5}},"line":21},"3":{"name":"(anonymous_3)","decl":{"start":{"line":31,"column":26},"end":{"line":31,"column":27}},"loc":{"start":{"line":31,"column":48},"end":{"line":35,"column":3}},"line":31}},"branchMap":{"0":{"loc":{"start":{"line":33,"column":20},"end":{"line":33,"column":101}},"type":"cond-expr","locations":[{"start":{"line":33,"column":56},"end":{"line":33,"column":64}},{"start":{"line":33,"column":67},"end":{"line":33,"column":101}}],"line":33}},"s":{"0":1,"1":1,"2":1,"3":0,"4":0,"5":0,"6":1,"7":0,"8":0,"9":0,"10":1},"f":{"0":1,"1":0,"2":0,"3":0},"b":{"0":[0,0]},"_coverageSchema":"1a1c01bbd47fc00a2c39e90264f33305004495a9","hash":"13655ac1da72bad82e19ce0e9ff70a6c4405ccf4"}
,"/Users/alex/Projects/Personal/web3/adelante/tests/test-app/functions/addBalance.ts": {"path":"/Users/alex/Projects/Personal/web3/adelante/tests/test-app/functions/addBalance.ts","statementMap":{"0":{"start":{"line":14,"column":2},"end":{"line":23,"column":3}},"1":{"start":{"line":15,"column":25},"end":{"line":15,"column":31}},"2":{"start":{"line":16,"column":21},"end":{"line":16,"column":42}},"3":{"start":{"line":17,"column":4},"end":{"line":17,"column":73}},"4":{"start":{"line":21,"column":4},"end":{"line":21,"column":23}},"5":{"start":{"line":22,"column":4},"end":{"line":22,"column":31}}},"fnMap":{"0":{"name":"addBalance","decl":{"start":{"line":13,"column":30},"end":{"line":13,"column":40}},"loc":{"start":{"line":13,"column":43},"end":{"line":24,"column":1}},"line":13}},"branchMap":{},"s":{"0":1,"1":1,"2":1,"3":0,"4":1,"5":1},"f":{"0":1},"b":{},"_coverageSchema":"1a1c01bbd47fc00a2c39e90264f33305004495a9","hash":"66d3fb71911efb9c95f2757f6329c4f358c2bdb6"}
,"/Users/alex/Projects/Personal/web3/adelante/tests/test-app/functions/getBalance.ts": {"path":"/Users/alex/Projects/Personal/web3/adelante/tests/test-app/functions/getBalance.ts","statementMap":{"0":{"start":{"line":14,"column":2},"end":{"line":23,"column":3}},"1":{"start":{"line":15,"column":25},"end":{"line":15,"column":31}},"2":{"start":{"line":16,"column":21},"end":{"line":16,"column":42}},"3":{"start":{"line":17,"column":17},"end":{"line":17,"column":44}},"4":{"start":{"line":18,"column":4},"end":{"line":18,"column":16}},"5":{"start":{"line":21,"column":4},"end":{"line":21,"column":23}},"6":{"start":{"line":22,"column":4},"end":{"line":22,"column":31}}},"fnMap":{"0":{"name":"getBalance","decl":{"start":{"line":13,"column":30},"end":{"line":13,"column":40}},"loc":{"start":{"line":13,"column":43},"end":{"line":24,"column":1}},"line":13}},"branchMap":{},"s":{"0":1,"1":1,"2":1,"3":0,"4":0,"5":1,"6":1},"f":{"0":1},"b":{},"_coverageSchema":"1a1c01bbd47fc00a2c39e90264f33305004495a9","hash":"a33e381dacb6db2153f5ab07974d9e4a8a4cee24"}
,"/Users/alex/Projects/Personal/web3/adelante/tests/test-app/functions/getNumber.ts": {"path":"/Users/alex/Projects/Personal/web3/adelante/tests/test-app/functions/getNumber.ts","statementMap":{"0":{"start":{"line":14,"column":2},"end":{"line":23,"column":3}},"1":{"start":{"line":15,"column":25},"end":{"line":15,"column":31}},"2":{"start":{"line":16,"column":21},"end":{"line":16,"column":42}},"3":{"start":{"line":17,"column":17},"end":{"line":17,"column":43}},"4":{"start":{"line":18,"column":4},"end":{"line":18,"column":16}},"5":{"start":{"line":21,"column":4},"end":{"line":21,"column":23}},"6":{"start":{"line":22,"column":4},"end":{"line":22,"column":30}}},"fnMap":{"0":{"name":"getNumber","decl":{"start":{"line":13,"column":30},"end":{"line":13,"column":39}},"loc":{"start":{"line":13,"column":42},"end":{"line":24,"column":1}},"line":13}},"branchMap":{},"s":{"0":1,"1":1,"2":1,"3":0,"4":0,"5":1,"6":1},"f":{"0":1},"b":{},"_coverageSchema":"1a1c01bbd47fc00a2c39e90264f33305004495a9","hash":"4708a303f3f5338828df5007f88645e68e83fb3c"}
,"/Users/alex/Projects/Personal/web3/adelante/tests/test-app/functions/hello.ts": {"path":"/Users/alex/Projects/Personal/web3/adelante/tests/test-app/functions/hello.ts","statementMap":{"0":{"start":{"line":14,"column":2},"end":{"line":23,"column":3}},"1":{"start":{"line":15,"column":25},"end":{"line":15,"column":31}},"2":{"start":{"line":16,"column":21},"end":{"line":16,"column":42}},"3":{"start":{"line":17,"column":17},"end":{"line":17,"column":39}},"4":{"start":{"line":18,"column":4},"end":{"line":18,"column":16}},"5":{"start":{"line":21,"column":4},"end":{"line":21,"column":23}},"6":{"start":{"line":22,"column":4},"end":{"line":22,"column":26}}},"fnMap":{"0":{"name":"hello","decl":{"start":{"line":13,"column":30},"end":{"line":13,"column":35}},"loc":{"start":{"line":13,"column":38},"end":{"line":24,"column":1}},"line":13}},"branchMap":{},"s":{"0":1,"1":1,"2":1,"3":0,"4":0,"5":1,"6":1},"f":{"0":1},"b":{},"_coverageSchema":"1a1c01bbd47fc00a2c39e90264f33305004495a9","hash":"5203660eee11a94ec11d2a0c357a74236597ca2a"}
,"/Users/alex/Projects/Personal/web3/adelante/tests/test-app/functions/returnSum.ts": {"path":"/Users/alex/Projects/Personal/web3/adelante/tests/test-app/functions/returnSum.ts","statementMap":{"0":{"start":{"line":14,"column":2},"end":{"line":23,"column":3}},"1":{"start":{"line":15,"column":25},"end":{"line":15,"column":31}},"2":{"start":{"line":16,"column":21},"end":{"line":16,"column":42}},"3":{"start":{"line":17,"column":17},"end":{"line":17,"column":49}},"4":{"start":{"line":18,"column":4},"end":{"line":18,"column":16}},"5":{"start":{"line":21,"column":4},"end":{"line":21,"column":23}},"6":{"start":{"line":22,"column":4},"end":{"line":22,"column":30}}},"fnMap":{"0":{"name":"returnSum","decl":{"start":{"line":13,"column":30},"end":{"line":13,"column":39}},"loc":{"start":{"line":13,"column":64},"end":{"line":24,"column":1}},"line":13}},"branchMap":{},"s":{"0":1,"1":1,"2":1,"3":0,"4":0,"5":1,"6":1},"f":{"0":1},"b":{},"_coverageSchema":"1a1c01bbd47fc00a2c39e90264f33305004495a9","hash":"009165b05376a63674cd201111e85730d0d18cd5"}
,"/Users/alex/Projects/Personal/web3/adelante/tests/test-app/functions/storeNumber.ts": {"path":"/Users/alex/Projects/Personal/web3/adelante/tests/test-app/functions/storeNumber.ts","statementMap":{"0":{"start":{"line":14,"column":2},"end":{"line":23,"column":3}},"1":{"start":{"line":15,"column":25},"end":{"line":15,"column":31}},"2":{"start":{"line":16,"column":21},"end":{"line":16,"column":42}},"3":{"start":{"line":17,"column":4},"end":{"line":17,"column":40}},"4":{"start":{"line":21,"column":4},"end":{"line":21,"column":23}},"5":{"start":{"line":22,"column":4},"end":{"line":22,"column":32}}},"fnMap":{"0":{"name":"storeNumber","decl":{"start":{"line":13,"column":30},"end":{"line":13,"column":41}},"loc":{"start":{"line":13,"column":59},"end":{"line":24,"column":1}},"line":13}},"branchMap":{},"s":{"0":1,"1":1,"2":1,"3":0,"4":1,"5":1},"f":{"0":1},"b":{},"_coverageSchema":"1a1c01bbd47fc00a2c39e90264f33305004495a9","hash":"72f98f5d2c7e92d3296d485366297be6dbcdb368"}
,"/Users/alex/Projects/Personal/web3/adelante/tests/test-app/functions/withdrawBalance.ts": {"path":"/Users/alex/Projects/Personal/web3/adelante/tests/test-app/functions/withdrawBalance.ts","statementMap":{"0":{"start":{"line":14,"column":2},"end":{"line":23,"column":3}},"1":{"start":{"line":15,"column":25},"end":{"line":15,"column":31}},"2":{"start":{"line":16,"column":21},"end":{"line":16,"column":42}},"3":{"start":{"line":17,"column":4},"end":{"line":17,"column":86}},"4":{"start":{"line":21,"column":4},"end":{"line":21,"column":23}},"5":{"start":{"line":22,"column":4},"end":{"line":22,"column":36}}},"fnMap":{"0":{"name":"withdrawBalance","decl":{"start":{"line":13,"column":30},"end":{"line":13,"column":45}},"loc":{"start":{"line":13,"column":62},"end":{"line":24,"column":1}},"line":13}},"branchMap":{},"s":{"0":1,"1":1,"2":1,"3":0,"4":1,"5":1},"f":{"0":1},"b":{},"_coverageSchema":"1a1c01bbd47fc00a2c39e90264f33305004495a9","hash":"bedd730280ecebb201a0e46baae4db75627a6e32"}
,"/Users/alex/Projects/Personal/web3/adelante/tests/test-app/utils/utils.ts": {"path":"/Users/alex/Projects/Personal/web3/adelante/tests/test-app/utils/utils.ts","statementMap":{"0":{"start":{"line":6,"column":31},"end":{"line":6,"column":45}},"1":{"start":{"line":8,"column":27},"end":{"line":13,"column":1}},"2":{"start":{"line":9,"column":19},"end":{"line":9,"column":69}},"3":{"start":{"line":10,"column":17},"end":{"line":10,"column":37}},"4":{"start":{"line":11,"column":45},"end":{"line":11,"column":104}},"5":{"start":{"line":12,"column":2},"end":{"line":12,"column":27}}},"fnMap":{"0":{"name":"(anonymous_0)","decl":{"start":{"line":8,"column":27},"end":{"line":8,"column":28}},"loc":{"start":{"line":8,"column":65},"end":{"line":13,"column":1}},"line":8}},"branchMap":{},"s":{"0":14,"1":14,"2":7,"3":0,"4":0,"5":0},"f":{"0":7},"b":{},"_coverageSchema":"1a1c01bbd47fc00a2c39e90264f33305004495a9","hash":"2226735d1ba51a293a7d10eb60c661244f8923f7"}
}
