TN:
SF:test-app/components/addBalance.tsx
FN:11,AddBalance
FN:15,(anonymous_1)
FNF:2
FNH:2
FNDA:4,AddBalance
FNDA:1,(anonymous_1)
DA:12,4
DA:15,4
DA:16,1
DA:17,1
DA:18,1
DA:21,4
LF:6
LH:6
BRDA:17,0,0,1
BRDA:17,0,1,0
BRF:2
BRH:1
end_of_record
TN:
SF:test-app/components/getBalance.tsx
FN:11,GetBalance
FN:15,(anonymous_1)
FNF:2
FNH:2
FNDA:4,GetBalance
FNDA:1,(anonymous_1)
DA:12,4
DA:15,4
DA:16,1
DA:17,1
DA:18,1
DA:21,4
LF:6
LH:6
BRDA:17,0,0,1
BRDA:17,0,1,0
BRF:2
BRH:1
end_of_record
TN:
SF:test-app/components/getNumber.tsx
FN:11,GetNumber
FN:15,(anonymous_1)
FNF:2
FNH:2
FNDA:4,GetNumber
FNDA:1,(anonymous_1)
DA:12,4
DA:15,4
DA:16,1
DA:17,1
DA:18,1
DA:21,4
LF:6
LH:6
BRDA:17,0,0,1
BRDA:17,0,1,0
BRF:2
BRH:1
end_of_record
TN:
SF:test-app/components/hello.tsx
FN:11,Hello
FN:15,(anonymous_1)
FNF:2
FNH:2
FNDA:4,Hello
FNDA:1,(anonymous_1)
DA:12,4
DA:15,4
DA:16,1
DA:17,1
DA:18,1
DA:21,4
LF:6
LH:6
BRDA:17,0,0,1
BRDA:17,0,1,0
BRF:2
BRH:1
end_of_record
TN:
SF:test-app/components/returnSum.tsx
FN:15,ReturnSum
FN:19,(anonymous_1)
FN:21,(anonymous_2)
FN:31,(anonymous_3)
FNF:4
FNH:2
FNDA:5,ReturnSum
FNDA:0,(anonymous_1)
FNDA:0,(anonymous_2)
FNDA:1,(anonymous_3)
DA:16,5
DA:17,5
DA:19,5
DA:20,0
DA:21,0
DA:22,0
DA:31,5
DA:32,1
DA:33,1
DA:34,1
DA:37,5
LF:11
LH:8
BRDA:33,0,0,1
BRDA:33,0,1,0
BRF:2
BRH:1
end_of_record
TN:
SF:test-app/components/storeNumber.tsx
FN:15,StoreNumber
FN:19,(anonymous_1)
FN:21,(anonymous_2)
FN:31,(anonymous_3)
FNF:4
FNH:2
FNDA:5,StoreNumber
FNDA:0,(anonymous_1)
FNDA:0,(anonymous_2)
FNDA:1,(anonymous_3)
DA:16,5
DA:17,5
DA:19,5
DA:20,0
DA:21,0
DA:22,0
DA:31,5
DA:32,1
DA:33,1
DA:34,1
DA:37,5
LF:11
LH:8
BRDA:33,0,0,1
BRDA:33,0,1,0
BRF:2
BRH:1
end_of_record
TN:
SF:test-app/components/withdrawBalance.tsx
FN:15,WithdrawBalance
FN:19,(anonymous_1)
FN:21,(anonymous_2)
FN:31,(anonymous_3)
FNF:4
FNH:2
FNDA:5,WithdrawBalance
FNDA:0,(anonymous_1)
FNDA:0,(anonymous_2)
FNDA:1,(anonymous_3)
DA:16,5
DA:17,5
DA:19,5
DA:20,0
DA:21,0
DA:22,0
DA:31,5
DA:32,1
DA:33,1
DA:34,1
DA:37,5
LF:11
LH:8
BRDA:33,0,0,1
BRDA:33,0,1,0
BRF:2
BRH:1
end_of_record
TN:
SF:test-app/functions/addBalance.ts
FN:13,addBalance
FNF:1
FNH:1
FNDA:2,addBalance
DA:14,2
DA:15,2
DA:16,2
DA:17,0
DA:21,2
DA:22,2
LF:6
LH:5
BRF:0
BRH:0
end_of_record
TN:
SF:test-app/functions/getBalance.ts
FN:13,getBalance
FNF:1
FNH:1
FNDA:2,getBalance
DA:14,2
DA:15,2
DA:16,2
DA:17,0
DA:18,0
DA:21,2
DA:22,2
LF:7
LH:5
BRF:0
BRH:0
end_of_record
TN:
SF:test-app/functions/getNumber.ts
FN:13,getNumber
FNF:1
FNH:1
FNDA:2,getNumber
DA:14,2
DA:15,2
DA:16,2
DA:17,0
DA:18,0
DA:21,2
DA:22,2
LF:7
LH:5
BRF:0
BRH:0
end_of_record
TN:
SF:test-app/functions/hello.ts
FN:13,hello
FNF:1
FNH:1
FNDA:2,hello
DA:14,2
DA:15,2
DA:16,2
DA:17,0
DA:18,0
DA:21,2
DA:22,2
LF:7
LH:5
BRF:0
BRH:0
end_of_record
TN:
SF:test-app/functions/returnSum.ts
FN:13,returnSum
FNF:1
FNH:1
FNDA:2,returnSum
DA:14,2
DA:15,2
DA:16,2
DA:17,0
DA:18,0
DA:21,2
DA:22,2
LF:7
LH:5
BRF:0
BRH:0
end_of_record
TN:
SF:test-app/functions/storeNumber.ts
FN:13,storeNumber
FNF:1
FNH:1
FNDA:2,storeNumber
DA:14,2
DA:15,2
DA:16,2
DA:17,0
DA:21,2
DA:22,2
LF:6
LH:5
BRF:0
BRH:0
end_of_record
TN:
SF:test-app/functions/withdrawBalance.ts
FN:13,withdrawBalance
FNF:1
FNH:1
FNDA:2,withdrawBalance
DA:14,2
DA:15,2
DA:16,2
DA:17,0
DA:21,2
DA:22,2
LF:6
LH:5
BRF:0
BRH:0
end_of_record
TN:
SF:test-app/utils/utils.ts
FN:8,(anonymous_0)
FNF:1
FNH:1
FNDA:14,(anonymous_0)
DA:6,14
DA:8,14
DA:9,14
DA:10,0
DA:11,0
DA:12,0
LF:6
LH:3
BRF:0
BRH:0
end_of_record
